<?xml version="1.0" encoding="UTF-8"?>
<coverage generated="1717107236669" clover="3.2.0">
  <project timestamp="1717107236670" name="All files">
    <metrics statements="5" coveredstatements="4" conditionals="2" coveredconditionals="0" methods="1" coveredmethods="0" elements="8" coveredelements="4" complexity="0" loc="5" ncloc="5" packages="2" files="3" classes="3"/>
    <package name="components.custom-button">
      <metrics statements="4" coveredstatements="3" conditionals="2" coveredconditionals="0" methods="1" coveredmethods="0"/>
      <file name="custom-button.styles.ts" path="C:\Users\Danilo\club-ecommerce-frontend\src\components\custom-button\custom-button.styles.ts">
        <metrics statements="2" coveredstatements="2" conditionals="0" coveredconditionals="0" methods="0" coveredmethods="0"/>
        <line num="4" count="1" type="stmt"/>
        <line num="27" count="1" type="stmt"/>
      </file>
      <file name="custom-button.tsx" path="C:\Users\Danilo\club-ecommerce-frontend\src\components\custom-button\custom-button.tsx">
        <metrics statements="2" coveredstatements="1" conditionals="2" coveredconditionals="0" methods="1" coveredmethods="0"/>
        <line num="8" count="1" type="stmt"/>
        <line num="13" count="0" type="stmt"/>
      </file>
    </package>
    <package name="theme">
      <metrics statements="1" coveredstatements="1" conditionals="0" coveredconditionals="0" methods="0" coveredmethods="0"/>
      <file name="theme.colors.ts" path="C:\Users\Danilo\club-ecommerce-frontend\src\theme\theme.colors.ts">
        <metrics statements="1" coveredstatements="1" conditionals="0" coveredconditionals="0" methods="0" coveredmethods="0"/>
        <line num="1" count="1" type="stmt"/>
      </file>
    </package>
  </project>
</coverage>
