{"C:\\Users\\Danilo\\club-ecommerce-frontend\\src\\components\\custom-button\\custom-button.styles.ts": {"path":"C:\\Users\\Danilo\\club-ecommerce-frontend\\src\\components\\custom-button\\custom-button.styles.ts","statementMap":{"0":{"start":{"line":4,"column":37},"end":{"line":25,"column":1}},"1":{"start":{"line":27,"column":29},"end":{"line":32,"column":1}}},"fnMap":{},"branchMap":{},"s":{"0":1,"1":1},"f":{},"b":{},"_coverageSchema":"1a1c01bbd47fc00a2c39e90264f33305004495a9","hash":"1b06a656cd1b7308bf7fc810993a07711ca8dc3a"}
,"C:\\Users\\Danilo\\club-ecommerce-frontend\\src\\components\\custom-button\\custom-button.tsx": {"path":"C:\\Users\\Danilo\\club-ecommerce-frontend\\src\\components\\custom-button\\custom-button.tsx","statementMap":{"0":{"start":{"line":8,"column":50},"end":{"line":19,"column":1}},"1":{"start":{"line":13,"column":2},"end":{"line":18,"column":3}}},"fnMap":{"0":{"name":"(anonymous_0)","decl":{"start":{"line":8,"column":50},"end":{"line":8,"column":51}},"loc":{"start":{"line":12,"column":6},"end":{"line":19,"column":1}},"line":12}},"branchMap":{"0":{"loc":{"start":{"line":15,"column":7},"end":{"line":15,"column":62}},"type":"binary-expr","locations":[{"start":{"line":15,"column":7},"end":{"line":15,"column":16}},{"start":{"line":15,"column":20},"end":{"line":15,"column":62}}],"line":15}},"s":{"0":1,"1":0},"f":{"0":0},"b":{"0":[0,0]},"_coverageSchema":"1a1c01bbd47fc00a2c39e90264f33305004495a9","hash":"54f41d2c059f3757594891d0a2ff5e7f1128c190"}
,"C:\\Users\\Danilo\\club-ecommerce-frontend\\src\\theme\\theme.colors.ts": {"path":"C:\\Users\\Danilo\\club-ecommerce-frontend\\src\\theme\\theme.colors.ts","statementMap":{"0":{"start":{"line":1,"column":15},"end":{"line":17,"column":1}}},"fnMap":{},"branchMap":{},"s":{"0":1},"f":{},"b":{},"_coverageSchema":"1a1c01bbd47fc00a2c39e90264f33305004495a9","hash":"33751567715a9dff59e69cb7cb5db10e990d12c0"}
}
